<?xml version="1.0" encoding="UTF-8"?>
<!-- Generated by org.testng.reporters.JUnitXMLReporter -->
<testsuite hostname="LAPTOP-J5D92MDD" ignored="0" name="Test" tests="8" failures="5" timestamp="2022-11-30T23:39:45 IST" time="62.508" errors="0">
  <testcase name="verifyAddAccountSuccsesfulMsg" time="7.118" classname="test.AddAccountPageTest">
    <failure type="java.lang.AssertionError" message="expected [Account Registered.. ] but found [Failed , try again ]">
      <![CDATA[java.lang.AssertionError: expected [Account Registered.. ] but found [Failed , try again ]
at test.AddAccountPageTest.verifyAddAccountSuccsesfulMsg(AddAccountPageTest.java:22)
at java.util.ArrayList.forEach(ArrayList.java:1257)
... Removed 32 stack frames]]>
    </failure>
  </testcase> <!-- verifyAddAccountSuccsesfulMsg -->
  <testcase name="verifyAddAccountSuccsesfulMsg" time="2.922" classname="test.AddAccountPageTest">
    <failure type="java.lang.AssertionError" message="expected [Account Registered.. ] but found [Failed , try again ]">
      <![CDATA[java.lang.AssertionError: expected [Account Registered.. ] but found [Failed , try again ]
at test.AddAccountPageTest.verifyAddAccountSuccsesfulMsg(AddAccountPageTest.java:22)
at java.util.ArrayList.forEach(ArrayList.java:1257)
... Removed 32 stack frames]]>
    </failure>
  </testcase> <!-- verifyAddAccountSuccsesfulMsg -->
  <testcase name="verifyDeleteAccountMsg" time="2.595" classname="test.DeleteAccountTest">
    <failure type="java.lang.AssertionError" message="expected [Account Deleted ] but found [Account not found ]">
      <![CDATA[java.lang.AssertionError: expected [Account Deleted ] but found [Account not found ]
at test.DeleteAccountTest.verifyDeleteAccountMsg(DeleteAccountTest.java:17)
at java.util.ArrayList.forEach(ArrayList.java:1257)
... Removed 32 stack frames]]>
    </failure>
  </testcase> <!-- verifyDeleteAccountMsg -->
  <testcase name="VerifyLogin" time="3.252" classname="test.LoginPageTest"/>
  <testcase name="verifyAlertIsPresentAndAlertText" time="10.394" classname="test.LoginPageTest">
    <failure type="java.lang.AssertionError" message="expected [true] but found [false]">
      <![CDATA[java.lang.AssertionError: expected [true] but found [false]
at test.LoginPageTest.verifyAlertIsPresentAndAlertText(LoginPageTest.java:31)
at java.util.ArrayList.forEach(ArrayList.java:1257)
... Removed 32 stack frames]]>
    </failure>
  </testcase> <!-- verifyAlertIsPresentAndAlertText -->
  <testcase name="verifyHomePageHeaderTitle" time="4.779" classname="test.HomePageTest">
    <failure type="java.lang.AssertionError" message="expected [TDIT Solutions ] but found [TDIT Solutions]">
      <![CDATA[java.lang.AssertionError: expected [TDIT Solutions ] but found [TDIT Solutions]
at test.HomePageTest.verifyHomePageHeaderTitle(HomePageTest.java:21)
at java.util.ArrayList.forEach(ArrayList.java:1257)
... Removed 32 stack frames]]>
    </failure>
  </testcase> <!-- verifyHomePageHeaderTitle -->
  <testcase name="verifyUpdateAcBalanceAlertMsg" time="6.792" classname="test.UpdateAccountPageTest"/>
  <testcase name="verifyUpdateAcHeaderText" time="2.135" classname="test.UpdateAccountPageTest"/>
</testsuite> <!-- Test -->
